<?xml version="1.0" encoding="UTF-8"?>
<testng-results ignored="0" total="1" passed="1" failed="0" skipped="0">
  <reporter-output>
  </reporter-output>
  <suite started-at="2022-11-14T22:45:51 IST" name="Suite1" finished-at="2022-11-14T22:46:15 IST" duration-ms="23773">
    <groups>
    </groups>
    <test started-at="2022-11-14T22:45:51 IST" name="Test1" finished-at="2022-11-14T22:46:15 IST" duration-ms="23773">
      <class name="org.example.Example1">
        <test-method signature="login()[pri:0, instance:org.example.Example1@4facf68f]" started-at="2022-11-14T22:45:51 IST" name="login" finished-at="2022-11-14T22:46:15 IST" duration-ms="23699" status="PASS">
          <reporter-output>
          </reporter-output>
        </test-method> <!-- login -->
      </class> <!-- org.example.Example1 -->
    </test> <!-- Test1 -->
  </suite> <!-- Suite1 -->
</testng-results>
